TN:
SF:src/lib/api.ts
FN:50,<instance_members_initializer>
FN:53,ApiError
FN:61,parseErrorBody
FN:92,api
FN:114,listConnections
FN:139,postJson
FN:156,connect
FN:170,runQuery
FN:189,updateConnectionApi
FN:198,listSchemas
FN:202,listTables
FN:260,getDatabaseSchema
FN:264,getTableData
FNF:13
FNH:6
FNDA:5,<instance_members_initializer>
FNDA:5,ApiError
FNDA:5,parseErrorBody
FNDA:5,api
FNDA:5,listConnections
FNDA:0,postJson
FNDA:0,connect
FNDA:2,runQuery
FNDA:0,updateConnectionApi
FNDA:0,listSchemas
FNDA:0,listTables
FNDA:0,getDatabaseSchema
FNDA:0,getTableData
DA:1,1
DA:3,1
DA:4,1
DA:5,1
DA:6,1
DA:7,1
DA:8,1
DA:9,1
DA:10,1
DA:13,1
DA:14,1
DA:15,1
DA:17,1
DA:18,1
DA:19,1
DA:20,1
DA:23,1
DA:24,1
DA:25,1
DA:27,1
DA:28,1
DA:29,1
DA:35,1
DA:36,1
DA:37,1
DA:38,1
DA:39,1
DA:40,1
DA:41,1
DA:42,1
DA:43,1
DA:44,1
DA:45,1
DA:46,1
DA:47,1
DA:49,1
DA:50,1
DA:51,5
DA:52,5
DA:53,1
DA:54,5
DA:55,5
DA:56,5
DA:57,5
DA:58,5
DA:59,1
DA:61,5
DA:62,5
DA:63,0
DA:64,0
DA:65,5
DA:66,5
DA:67,0
DA:68,0
DA:69,5
DA:70,5
DA:71,2
DA:72,2
DA:73,2
DA:74,2
DA:75,2
DA:76,2
DA:77,2
DA:78,5
DA:79,1
DA:80,1
DA:81,5
DA:82,1
DA:83,1
DA:84,1
DA:85,1
DA:92,5
DA:93,5
DA:94,5
DA:95,5
DA:96,5
DA:97,5
DA:98,5
DA:102,5
DA:103,5
DA:104,5
DA:105,5
DA:106,5
DA:107,5
DA:108,4
DA:109,4
DA:110,4
DA:111,1
DA:112,1
DA:114,1
DA:115,5
DA:116,5
DA:118,1
DA:119,1
DA:120,1
DA:121,1
DA:122,1
DA:123,1
DA:125,1
DA:126,1
DA:127,1
DA:128,1
DA:129,1
DA:130,1
DA:139,0
DA:140,0
DA:141,0
DA:142,0
DA:143,0
DA:144,0
DA:145,0
DA:146,0
DA:147,0
DA:148,0
DA:149,0
DA:150,0
DA:151,0
DA:152,0
DA:153,0
DA:154,0
DA:156,1
DA:157,0
DA:158,0
DA:160,1
DA:161,1
DA:162,1
DA:163,1
DA:164,1
DA:165,1
DA:166,1
DA:167,1
DA:170,2
DA:171,2
DA:172,2
DA:173,2
DA:174,2
DA:175,2
DA:176,2
DA:177,2
DA:178,2
DA:179,2
DA:180,2
DA:181,2
DA:182,2
DA:183,2
DA:184,2
DA:185,2
DA:186,1
DA:187,1
DA:189,1
DA:190,0
DA:191,0
DA:192,0
DA:193,0
DA:194,0
DA:195,0
DA:196,0
DA:198,1
DA:199,0
DA:200,0
DA:202,1
DA:203,0
DA:204,0
DA:206,1
DA:207,1
DA:208,1
DA:209,1
DA:210,1
DA:211,1
DA:212,1
DA:213,1
DA:214,1
DA:217,1
DA:218,1
DA:219,1
DA:220,1
DA:221,1
DA:222,1
DA:223,1
DA:224,1
DA:225,1
DA:226,1
DA:236,1
DA:237,1
DA:238,1
DA:239,1
DA:240,1
DA:241,1
DA:242,1
DA:243,1
DA:244,1
DA:245,1
DA:246,1
DA:247,1
DA:250,1
DA:251,1
DA:252,1
DA:253,1
DA:256,1
DA:257,1
DA:258,1
DA:260,1
DA:261,0
DA:262,0
DA:264,1
DA:265,0
DA:266,0
DA:267,0
DA:268,0
DA:269,0
DA:270,0
DA:271,0
DA:272,0
DA:273,0
DA:274,0
DA:275,0
DA:276,0
DA:277,0
DA:278,0
DA:279,0
DA:280,0
DA:281,0
DA:282,0
DA:283,0
LF:224
LH:170
BRDA:50,0,0,5
BRDA:53,1,0,5
BRDA:61,2,0,5
BRDA:62,3,0,0
BRDA:66,4,0,0
BRDA:70,5,0,2
BRDA:70,6,0,2
BRDA:77,7,0,3
BRDA:78,8,0,1
BRDA:80,9,0,2
BRDA:81,10,0,1
BRDA:92,11,0,5
BRDA:98,12,0,0
BRDA:107,13,0,4
BRDA:110,14,0,1
BRDA:114,15,0,5
BRDA:170,16,0,2
BRDA:185,17,0,1
BRF:18
BRH:15
end_of_record
TN:
SF:src/lib/utils.ts
FN:1,(empty-report)
FNF:1
FNH:0
FNDA:0,(empty-report)
DA:1,0
DA:4,0
DA:5,0
DA:6,0
LF:4
LH:0
BRDA:1,0,0,0
BRF:1
BRH:0
end_of_record
TN:
SF:src/store/connection.ts
FN:11,__vite_ssr_import_0__.create.__vite_ssr_import_1__.persist.name
FN:13,setActive
FNF:2
FNH:2
FNDA:1,__vite_ssr_import_0__.create.__vite_ssr_import_1__.persist.name
FNDA:4,setActive
DA:1,1
DA:9,1
DA:10,1
DA:11,1
DA:12,1
DA:13,1
DA:14,1
DA:15,1
DA:16,1
DA:17,1
LF:10
LH:10
BRDA:11,0,0,1
BRDA:13,1,0,4
BRF:2
BRH:2
end_of_record
